<?xml version="1.0" encoding="UTF-8"?>
<testsuite name="com.izdebski.SpringBootFlywayIntegration.SpringBootLiquibaseIntegrationTests" time="0" tests="1" errors="1" skipped="0" failures="0">
  <properties>
[...]
</properties>
  <testcase name="initializationError" classname="com.izdebski.SpringBootFlywayIntegration.SpringBootLiquibaseIntegrationTests" time="0">
    <error message="Found multiple @SpringBootConfiguration annotated classes [Generic bean: class [com.izdebski.SpringBootFlywayIntegration.SpringBootLiquibaseGenerateChangeLog]; scope=; abstract=false; lazyInit=false; autowireMode=0; dependencyCheck=0; autowireCandidate=true; primary=false; factoryBeanName=null; factoryMethodName=null; initMethodName=null; destroyMethodName=null; defined in file [C:\Users\user\IdeaProjects\KK TUTORIALS\SpringBootLiquibaseGenerateChangeLog\target\classes\com\izdebski\SpringBootFlywayIntegration\SpringBootLiquibaseGenerateChangeLog.class], Generic bean: class [com.izdebski.SpringBootFlywayIntegration.SpringBootLiquibaseIntegration]; scope=; abstract=false; lazyInit=false; autowireMode=0; dependencyCheck=0; autowireCandidate=true; primary=false; factoryBeanName=null; factoryMethodName=null; initMethodName=null; destroyMethodName=null; defined in file [C:\Users\user\IdeaProjects\KK TUTORIALS\SpringBootLiquibaseGenerateChangeLog\target\classes\com\izdebski\SpringBootFlywayIntegration\SpringBootLiquibaseIntegration.class]]" type="java.lang.IllegalStateException"><![CDATA[java.lang.IllegalStateException: Found multiple @SpringBootConfiguration annotated classes [Generic bean: class [com.izdebski.SpringBootFlywayIntegration.SpringBootLiquibaseGenerateChangeLog]; scope=; abstract=false; lazyInit=false; autowireMode=0; dependencyCheck=0; autowireCandidate=true; primary=false; factoryBeanName=null; factoryMethodName=null; initMethodName=null; destroyMethodName=null; defined in file [C:\Users\user\IdeaProjects\KK TUTORIALS\SpringBootLiquibaseGenerateChangeLog\target\classes\com\izdebski\SpringBootFlywayIntegration\SpringBootLiquibaseGenerateChangeLog.class], Generic bean: class [com.izdebski.SpringBootFlywayIntegration.SpringBootLiquibaseIntegration]; scope=; abstract=false; lazyInit=false; autowireMode=0; dependencyCheck=0; autowireCandidate=true; primary=false; factoryBeanName=null; factoryMethodName=null; initMethodName=null; destroyMethodName=null; defined in file [C:\Users\user\IdeaProjects\KK TUTORIALS\SpringBootLiquibaseGenerateChangeLog\target\classes\com\izdebski\SpringBootFlywayIntegration\SpringBootLiquibaseIntegration.class]]
	at org.springframework.util.Assert.state(Assert.java:70)
	at org.springframework.boot.test.context.SpringBootConfigurationFinder.scanPackage(SpringBootConfigurationFinder.java:69)
	at org.springframework.boot.test.context.SpringBootConfigurationFinder.findFromPackage(SpringBootConfigurationFinder.java:59)
	at org.springframework.boot.test.context.SpringBootConfigurationFinder.findFromClass(SpringBootConfigurationFinder.java:52)
	at org.springframework.boot.test.context.SpringBootTestContextBootstrapper.getOrFindConfigurationClasses(SpringBootTestContextBootstrapper.java:201)
	at org.springframework.boot.test.context.SpringBootTestContextBootstrapper.processMergedContextConfiguration(SpringBootTestContextBootstrapper.java:137)
	at org.springframework.test.context.support.AbstractTestContextBootstrapper.buildMergedContextConfiguration(AbstractTestContextBootstrapper.java:397)
	at org.springframework.test.context.support.AbstractTestContextBootstrapper.buildDefaultMergedContextConfiguration(AbstractTestContextBootstrapper.java:311)
	at org.springframework.test.context.support.AbstractTestContextBootstrapper.buildMergedContextConfiguration(AbstractTestContextBootstrapper.java:265)
	at org.springframework.test.context.support.AbstractTestContextBootstrapper.buildTestContext(AbstractTestContextBootstrapper.java:105)
	at org.springframework.boot.test.context.SpringBootTestContextBootstrapper.buildTestContext(SpringBootTestContextBootstrapper.java:82)
	at org.springframework.test.context.TestContextManager.<init>(TestContextManager.java:120)
	at org.springframework.test.context.TestContextManager.<init>(TestContextManager.java:105)
	at org.springframework.test.context.junit4.SpringJUnit4ClassRunner.createTestContextManager(SpringJUnit4ClassRunner.java:152)
	at org.springframework.test.context.junit4.SpringJUnit4ClassRunner.<init>(SpringJUnit4ClassRunner.java:143)
	at org.springframework.test.context.junit4.SpringRunner.<init>(SpringRunner.java:49)
	at sun.reflect.NativeConstructorAccessorImpl.newInstance0(Native Method)
	at sun.reflect.NativeConstructorAccessorImpl.newInstance(NativeConstructorAccessorImpl.java:62)
	at sun.reflect.DelegatingConstructorAccessorImpl.newInstance(DelegatingConstructorAccessorImpl.java:45)
	at java.lang.reflect.Constructor.newInstance(Constructor.java:423)
	at org.junit.internal.builders.AnnotatedBuilder.buildRunner(AnnotatedBuilder.java:104)
	at org.junit.internal.builders.AnnotatedBuilder.runnerForClass(AnnotatedBuilder.java:86)
	at org.junit.runners.model.RunnerBuilder.safeRunnerForClass(RunnerBuilder.java:59)
	at org.junit.internal.builders.AllDefaultPossibilitiesBuilder.runnerForClass(AllDefaultPossibilitiesBuilder.java:26)
	at org.junit.runners.model.RunnerBuilder.safeRunnerForClass(RunnerBuilder.java:59)
	at org.junit.internal.requests.ClassRequest.getRunner(ClassRequest.java:33)
	at org.apache.maven.surefire.junit4.JUnit4Provider.execute(JUnit4Provider.java:283)
	at org.apache.maven.surefire.junit4.JUnit4Provider.executeWithRerun(JUnit4Provider.java:173)
	at org.apache.maven.surefire.junit4.JUnit4Provider.executeTestSet(JUnit4Provider.java:153)
	at org.apache.maven.surefire.junit4.JUnit4Provider.invoke(JUnit4Provider.java:128)
	at org.apache.maven.surefire.booter.ForkedBooter.invokeProviderInSameClassLoader(ForkedBooter.java:203)
	at org.apache.maven.surefire.booter.ForkedBooter.runSuitesInProcess(ForkedBooter.java:155)
	at org.apache.maven.surefire.booter.ForkedBooter.main(ForkedBooter.java:103)
]]></error>
    <system-out><![CDATA[09:32:57.068 [main] DEBUG org.springframework.test.context.junit4.SpringJUnit4ClassRunner - SpringJUnit4ClassRunner constructor called with [class com.izdebski.SpringBootFlywayIntegration.SpringBootLiquibaseIntegrationTests]
09:32:57.069 [main] DEBUG org.springframework.test.context.BootstrapUtils - Instantiating CacheAwareContextLoaderDelegate from class [org.springframework.test.context.cache.DefaultCacheAwareContextLoaderDelegate]
09:32:57.069 [main] DEBUG org.springframework.test.context.BootstrapUtils - Instantiating BootstrapContext using constructor [public org.springframework.test.context.support.DefaultBootstrapContext(java.lang.Class,org.springframework.test.context.CacheAwareContextLoaderDelegate)]
09:32:57.070 [main] DEBUG org.springframework.test.context.BootstrapUtils - Instantiating TestContextBootstrapper for test class [com.izdebski.SpringBootFlywayIntegration.SpringBootLiquibaseIntegrationTests] from class [org.springframework.boot.test.context.SpringBootTestContextBootstrapper]
09:32:57.071 [main] INFO org.springframework.boot.test.context.SpringBootTestContextBootstrapper - Neither @ContextConfiguration nor @ContextHierarchy found for test class [com.izdebski.SpringBootFlywayIntegration.SpringBootLiquibaseIntegrationTests], using SpringBootContextLoader
09:32:57.076 [main] DEBUG org.springframework.test.context.support.AbstractContextLoader - Did not detect default resource location for test class [com.izdebski.SpringBootFlywayIntegration.SpringBootLiquibaseIntegrationTests]: class path resource [com/izdebski/SpringBootFlywayIntegration/SpringBootLiquibaseIntegrationTests-context.xml] does not exist
09:32:57.076 [main] DEBUG org.springframework.test.context.support.AbstractContextLoader - Did not detect default resource location for test class [com.izdebski.SpringBootFlywayIntegration.SpringBootLiquibaseIntegrationTests]: class path resource [com/izdebski/SpringBootFlywayIntegration/SpringBootLiquibaseIntegrationTestsContext.groovy] does not exist
09:32:57.077 [main] INFO org.springframework.test.context.support.AbstractContextLoader - Could not detect default resource locations for test class [com.izdebski.SpringBootFlywayIntegration.SpringBootLiquibaseIntegrationTests]: no resource found for suffixes {-context.xml, Context.groovy}.
09:32:57.077 [main] INFO org.springframework.test.context.support.AnnotationConfigContextLoaderUtils - Could not detect default configuration classes for test class [com.izdebski.SpringBootFlywayIntegration.SpringBootLiquibaseIntegrationTests]: SpringBootLiquibaseIntegrationTests does not declare any static, non-private, non-final, nested classes annotated with @Configuration.
09:32:57.097 [main] DEBUG org.springframework.test.context.support.ActiveProfilesUtils - Could not find an 'annotation declaring class' for annotation type [org.springframework.test.context.ActiveProfiles] and class [com.izdebski.SpringBootFlywayIntegration.SpringBootLiquibaseIntegrationTests]
09:32:57.097 [main] DEBUG org.springframework.core.env.StandardEnvironment - Adding PropertySource 'systemProperties' with lowest search precedence
09:32:57.098 [main] DEBUG org.springframework.core.env.StandardEnvironment - Adding PropertySource 'systemEnvironment' with lowest search precedence
09:32:57.098 [main] DEBUG org.springframework.core.env.StandardEnvironment - Initialized StandardEnvironment with PropertySources [MapPropertySource@793315160 {name='systemProperties', properties={idea.version=2018.3, java.runtime.name=Java(TM) SE Runtime Environment, sun.boot.library.path=C:\Program Files\Java\jdk\jre\bin, java.vm.version=25.121-b13, java.vm.vendor=Oracle Corporation, java.vendor.url=http://java.oracle.com/, path.separator=;, java.vm.name=Java HotSpot(TM) 64-Bit Server VM, file.encoding.pkg=sun.io, user.country=US, user.script=, sun.java.launcher=SUN_STANDARD, sun.os.patch.level=, java.vm.specification.name=Java Virtual Machine Specification, user.dir=C:\Users\user\IdeaProjects\KK TUTORIALS\SpringBootLiquibaseGenerateChangeLog, java.runtime.version=1.8.0_121-b13, basedir=C:\Users\user\IdeaProjects\KK TUTORIALS\SpringBootLiquibaseGenerateChangeLog, java.awt.graphicsenv=sun.awt.Win32GraphicsEnvironment, java.endorsed.dirs=C:\Program Files\Java\jdk\jre\lib\endorsed, os.arch=amd64, surefire.real.class.path=C:\Users\user\IdeaProjects\KK TUTORIALS\SpringBootLiquibaseGenerateChangeLog\target\surefire\surefirebooter2292615173729010958.jar, java.io.tmpdir=C:\Users\user\AppData\Local\Temp\, line.separator=
, java.vm.specification.vendor=Oracle Corporation, user.variant=, os.name=Windows 10, sun.jnu.encoding=Cp1251, java.library.path=C:\Program Files\Java\jdk\jre\bin;C:\Windows\Sun\Java\bin;C:\Windows\system32;C:\Windows;C:\Windows\system32;C:\Windows;C:\Windows\System32\Wbem;C:\Windows\System32\WindowsPowerShell\v1.0\;C:\Windows\System32\OpenSSH\;C:\Program Files (x86)\Skype\Phone\;C:\Program Files\Java\jdk\bin;C:\Program Files\Java\jre\bin;C:\gradle-4.10.1\bin;C:\Program Files\Git\cmd;C:\Program Files\Git\bin\git.exe;C:\Program Files\MySQL\MySQL Server 8.0\bin;C:\Program Files\apache-maven-3.3.9\bin;C:\Users\user\AppData\Local\Microsoft\WindowsApps;C:\Program Files\Java\jdk\bin;C:\gradle-4.10.1;;., surefire.test.class.path=C:\Users\user\IdeaProjects\KK TUTORIALS\SpringBootLiquibaseGenerateChangeLog\target\test-classes;C:\Users\user\IdeaProjects\KK TUTORIALS\SpringBootLiquibaseGenerateChangeLog\target\classes;C:\Users\user\.m2\repository\org\springframework\boot\spring-boot-starter-data-jpa\1.5.18.RELEASE\spring-boot-starter-data-jpa-1.5.18.RELEASE.jar;C:\Users\user\.m2\repository\org\springframework\boot\spring-boot-starter\1.5.18.RELEASE\spring-boot-starter-1.5.18.RELEASE.jar;C:\Users\user\.m2\repository\org\springframework\boot\spring-boot-starter-logging\1.5.18.RELEASE\spring-boot-starter-logging-1.5.18.RELEASE.jar;C:\Users\user\.m2\repository\ch\qos\logback\logback-classic\1.1.11\logback-classic-1.1.11.jar;C:\Users\user\.m2\repository\ch\qos\logback\logback-core\1.1.11\logback-core-1.1.11.jar;C:\Users\user\.m2\repository\org\slf4j\jul-to-slf4j\1.7.25\jul-to-slf4j-1.7.25.jar;C:\Users\user\.m2\repository\org\slf4j\log4j-over-slf4j\1.7.25\log4j-over-slf4j-1.7.25.jar;C:\Users\user\.m2\repository\org\springframework\boot\spring-boot-starter-aop\1.5.18.RELEASE\spring-boot-starter-aop-1.5.18.RELEASE.jar;C:\Users\user\.m2\repository\org\springframework\spring-aop\4.3.21.RELEASE\spring-aop-4.3.21.RELEASE.jar;C:\Users\user\.m2\repository\org\aspectj\aspectjweaver\1.8.13\aspectjweaver-1.8.13.jar;C:\Users\user\.m2\repository\org\hibernate\hibernate-core\5.0.12.Final\hibernate-core-5.0.12.Final.jar;C:\Users\user\.m2\repository\org\jboss\logging\jboss-logging\3.3.2.Final\jboss-logging-3.3.2.Final.jar;C:\Users\user\.m2\repository\org\hibernate\javax\persistence\hibernate-jpa-2.1-api\1.0.0.Final\hibernate-jpa-2.1-api-1.0.0.Final.jar;C:\Users\user\.m2\repository\org\javassist\javassist\3.21.0-GA\javassist-3.21.0-GA.jar;C:\Users\user\.m2\repository\antlr\antlr\2.7.7\antlr-2.7.7.jar;C:\Users\user\.m2\repository\org\jboss\jandex\2.0.0.Final\jandex-2.0.0.Final.jar;C:\Users\user\.m2\repository\dom4j\dom4j\1.6.1\dom4j-1.6.1.jar;C:\Users\user\.m2\repository\org\hibernate\common\hibernate-commons-annotations\5.0.1.Final\hibernate-commons-annotations-5.0.1.Final.jar;C:\Users\user\.m2\repository\org\hibernate\hibernate-entitymanager\5.0.12.Final\hibernate-entitymanager-5.0.12.Final.jar;C:\Users\user\.m2\repository\javax\transaction\javax.transaction-api\1.2\javax.transaction-api-1.2.jar;C:\Users\user\.m2\repository\org\springframework\data\spring-data-jpa\1.11.17.RELEASE\spring-data-jpa-1.11.17.RELEASE.jar;C:\Users\user\.m2\repository\org\springframework\data\spring-data-commons\1.13.17.RELEASE\spring-data-commons-1.13.17.RELEASE.jar;C:\Users\user\.m2\repository\org\springframework\spring-orm\4.3.21.RELEASE\spring-orm-4.3.21.RELEASE.jar;C:\Users\user\.m2\repository\org\springframework\spring-context\4.3.21.RELEASE\spring-context-4.3.21.RELEASE.jar;C:\Users\user\.m2\repository\org\springframework\spring-tx\4.3.21.RELEASE\spring-tx-4.3.21.RELEASE.jar;C:\Users\user\.m2\repository\org\springframework\spring-beans\4.3.21.RELEASE\spring-beans-4.3.21.RELEASE.jar;C:\Users\user\.m2\repository\org\slf4j\slf4j-api\1.7.25\slf4j-api-1.7.25.jar;C:\Users\user\.m2\repository\org\slf4j\jcl-over-slf4j\1.7.25\jcl-over-slf4j-1.7.25.jar;C:\Users\user\.m2\repository\org\springframework\spring-aspects\4.3.21.RELEASE\spring-aspects-4.3.21.RELEASE.jar;C:\Users\user\.m2\repository\org\springframework\boot\spring-boot-starter-jdbc\1.5.18.RELEASE\spring-boot-starter-jdbc-1.5.18.RELEASE.jar;C:\Users\user\.m2\repository\org\apache\tomcat\tomcat-jdbc\8.5.35\tomcat-jdbc-8.5.35.jar;C:\Users\user\.m2\repository\org\apache\tomcat\tomcat-juli\8.5.35\tomcat-juli-8.5.35.jar;C:\Users\user\.m2\repository\org\springframework\spring-jdbc\4.3.21.RELEASE\spring-jdbc-4.3.21.RELEASE.jar;C:\Users\user\.m2\repository\org\springframework\boot\spring-boot-starter-web\1.5.18.RELEASE\spring-boot-starter-web-1.5.18.RELEASE.jar;C:\Users\user\.m2\repository\org\springframework\boot\spring-boot-starter-tomcat\1.5.18.RELEASE\spring-boot-starter-tomcat-1.5.18.RELEASE.jar;C:\Users\user\.m2\repository\org\apache\tomcat\embed\tomcat-embed-core\8.5.35\tomcat-embed-core-8.5.35.jar;C:\Users\user\.m2\repository\org\apache\tomcat\tomcat-annotations-api\8.5.35\tomcat-annotations-api-8.5.35.jar;C:\Users\user\.m2\repository\org\apache\tomcat\embed\tomcat-embed-el\8.5.35\tomcat-embed-el-8.5.35.jar;C:\Users\user\.m2\repository\org\apache\tomcat\embed\tomcat-embed-websocket\8.5.35\tomcat-embed-websocket-8.5.35.jar;C:\Users\user\.m2\repository\org\hibernate\hibernate-validator\5.3.6.Final\hibernate-validator-5.3.6.Final.jar;C:\Users\user\.m2\repository\javax\validation\validation-api\1.1.0.Final\validation-api-1.1.0.Final.jar;C:\Users\user\.m2\repository\com\fasterxml\classmate\1.3.4\classmate-1.3.4.jar;C:\Users\user\.m2\repository\com\fasterxml\jackson\core\jackson-databind\2.8.11.3\jackson-databind-2.8.11.3.jar;C:\Users\user\.m2\repository\com\fasterxml\jackson\core\jackson-annotations\2.8.0\jackson-annotations-2.8.0.jar;C:\Users\user\.m2\repository\com\fasterxml\jackson\core\jackson-core\2.8.11\jackson-core-2.8.11.jar;C:\Users\user\.m2\repository\org\springframework\spring-web\4.3.21.RELEASE\spring-web-4.3.21.RELEASE.jar;C:\Users\user\.m2\repository\org\springframework\spring-webmvc\4.3.21.RELEASE\spring-webmvc-4.3.21.RELEASE.jar;C:\Users\user\.m2\repository\org\springframework\spring-expression\4.3.21.RELEASE\spring-expression-4.3.21.RELEASE.jar;C:\Users\user\.m2\repository\org\liquibase\liquibase-core\3.5.5\liquibase-core-3.5.5.jar;C:\Users\user\.m2\repository\org\yaml\snakeyaml\1.17\snakeyaml-1.17.jar;C:\Users\user\.m2\repository\org\springframework\boot\spring-boot-devtools\1.5.18.RELEASE\spring-boot-devtools-1.5.18.RELEASE.jar;C:\Users\user\.m2\repository\org\springframework\boot\spring-boot\1.5.18.RELEASE\spring-boot-1.5.18.RELEASE.jar;C:\Users\user\.m2\repository\org\springframework\boot\spring-boot-autoconfigure\1.5.18.RELEASE\spring-boot-autoconfigure-1.5.18.RELEASE.jar;C:\Users\user\.m2\repository\mysql\mysql-connector-java\5.1.47\mysql-connector-java-5.1.47.jar;C:\Users\user\.m2\repository\org\springframework\boot\spring-boot-starter-test\1.5.18.RELEASE\spring-boot-starter-test-1.5.18.RELEASE.jar;C:\Users\user\.m2\repository\org\springframework\boot\spring-boot-test\1.5.18.RELEASE\spring-boot-test-1.5.18.RELEASE.jar;C:\Users\user\.m2\repository\org\springframework\boot\spring-boot-test-autoconfigure\1.5.18.RELEASE\spring-boot-test-autoconfigure-1.5.18.RELEASE.jar;C:\Users\user\.m2\repository\com\jayway\jsonpath\json-path\2.2.0\json-path-2.2.0.jar;C:\Users\user\.m2\repository\net\minidev\json-smart\2.2.1\json-smart-2.2.1.jar;C:\Users\user\.m2\repository\net\minidev\accessors-smart\1.1\accessors-smart-1.1.jar;C:\Users\user\.m2\repository\org\ow2\asm\asm\5.0.3\asm-5.0.3.jar;C:\Users\user\.m2\repository\junit\junit\4.12\junit-4.12.jar;C:\Users\user\.m2\repository\org\assertj\assertj-core\2.6.0\assertj-core-2.6.0.jar;C:\Users\user\.m2\repository\org\mockito\mockito-core\1.10.19\mockito-core-1.10.19.jar;C:\Users\user\.m2\repository\org\objenesis\objenesis\2.1\objenesis-2.1.jar;C:\Users\user\.m2\repository\org\hamcrest\hamcrest-core\1.3\hamcrest-core-1.3.jar;C:\Users\user\.m2\repository\org\hamcrest\hamcrest-library\1.3\hamcrest-library-1.3.jar;C:\Users\user\.m2\repository\org\skyscreamer\jsonassert\1.4.0\jsonassert-1.4.0.jar;C:\Users\user\.m2\repository\com\vaadin\external\google\android-json\0.0.20131108.vaadin1\android-json-0.0.20131108.vaadin1.jar;C:\Users\user\.m2\repository\org\springframework\spring-core\4.3.21.RELEASE\spring-core-4.3.21.RELEASE.jar;C:\Users\user\.m2\repository\org\springframework\spring-test\4.3.21.RELEASE\spring-test-4.3.21.RELEASE.jar;, java.specification.name=Java Platform API Specification, java.class.version=52.0, sun.management.compiler=HotSpot 64-Bit Tiered Compilers, os.version=10.0, user.home=C:\Users\user, user.timezone=Europe/Helsinki, java.awt.printerjob=sun.awt.windows.WPrinterJob, file.encoding=Cp1251, java.specification.version=1.8, java.class.path=C:\Users\user\IdeaProjects\KK TUTORIALS\SpringBootLiquibaseGenerateChangeLog\target\test-classes;C:\Users\user\IdeaProjects\KK TUTORIALS\SpringBootLiquibaseGenerateChangeLog\target\classes;C:\Users\user\.m2\repository\org\springframework\boot\spring-boot-starter-data-jpa\1.5.18.RELEASE\spring-boot-starter-data-jpa-1.5.18.RELEASE.jar;C:\Users\user\.m2\repository\org\springframework\boot\spring-boot-starter\1.5.18.RELEASE\spring-boot-starter-1.5.18.RELEASE.jar;C:\Users\user\.m2\repository\org\springframework\boot\spring-boot-starter-logging\1.5.18.RELEASE\spring-boot-starter-logging-1.5.18.RELEASE.jar;C:\Users\user\.m2\repository\ch\qos\logback\logback-classic\1.1.11\logback-classic-1.1.11.jar;C:\Users\user\.m2\repository\ch\qos\logback\logback-core\1.1.11\logback-core-1.1.11.jar;C:\Users\user\.m2\repository\org\slf4j\jul-to-slf4j\1.7.25\jul-to-slf4j-1.7.25.jar;C:\Users\user\.m2\repository\org\slf4j\log4j-over-slf4j\1.7.25\log4j-over-slf4j-1.7.25.jar;C:\Users\user\.m2\repository\org\springframework\boot\spring-boot-starter-aop\1.5.18.RELEASE\spring-boot-starter-aop-1.5.18.RELEASE.jar;C:\Users\user\.m2\repository\org\springframework\spring-aop\4.3.21.RELEASE\spring-aop-4.3.21.RELEASE.jar;C:\Users\user\.m2\repository\org\aspectj\aspectjweaver\1.8.13\aspectjweaver-1.8.13.jar;C:\Users\user\.m2\repository\org\hibernate\hibernate-core\5.0.12.Final\hibernate-core-5.0.12.Final.jar;C:\Users\user\.m2\repository\org\jboss\logging\jboss-logging\3.3.2.Final\jboss-logging-3.3.2.Final.jar;C:\Users\user\.m2\repository\org\hibernate\javax\persistence\hibernate-jpa-2.1-api\1.0.0.Final\hibernate-jpa-2.1-api-1.0.0.Final.jar;C:\Users\user\.m2\repository\org\javassist\javassist\3.21.0-GA\javassist-3.21.0-GA.jar;C:\Users\user\.m2\repository\antlr\antlr\2.7.7\antlr-2.7.7.jar;C:\Users\user\.m2\repository\org\jboss\jandex\2.0.0.Final\jandex-2.0.0.Final.jar;C:\Users\user\.m2\repository\dom4j\dom4j\1.6.1\dom4j-1.6.1.jar;C:\Users\user\.m2\repository\org\hibernate\common\hibernate-commons-annotations\5.0.1.Final\hibernate-commons-annotations-5.0.1.Final.jar;C:\Users\user\.m2\repository\org\hibernate\hibernate-entitymanager\5.0.12.Final\hibernate-entitymanager-5.0.12.Final.jar;C:\Users\user\.m2\repository\javax\transaction\javax.transaction-api\1.2\javax.transaction-api-1.2.jar;C:\Users\user\.m2\repository\org\springframework\data\spring-data-jpa\1.11.17.RELEASE\spring-data-jpa-1.11.17.RELEASE.jar;C:\Users\user\.m2\repository\org\springframework\data\spring-data-commons\1.13.17.RELEASE\spring-data-commons-1.13.17.RELEASE.jar;C:\Users\user\.m2\repository\org\springframework\spring-orm\4.3.21.RELEASE\spring-orm-4.3.21.RELEASE.jar;C:\Users\user\.m2\repository\org\springframework\spring-context\4.3.21.RELEASE\spring-context-4.3.21.RELEASE.jar;C:\Users\user\.m2\repository\org\springframework\spring-tx\4.3.21.RELEASE\spring-tx-4.3.21.RELEASE.jar;C:\Users\user\.m2\repository\org\springframework\spring-beans\4.3.21.RELEASE\spring-beans-4.3.21.RELEASE.jar;C:\Users\user\.m2\repository\org\slf4j\slf4j-api\1.7.25\slf4j-api-1.7.25.jar;C:\Users\user\.m2\repository\org\slf4j\jcl-over-slf4j\1.7.25\jcl-over-slf4j-1.7.25.jar;C:\Users\user\.m2\repository\org\springframework\spring-aspects\4.3.21.RELEASE\spring-aspects-4.3.21.RELEASE.jar;C:\Users\user\.m2\repository\org\springframework\boot\spring-boot-starter-jdbc\1.5.18.RELEASE\spring-boot-starter-jdbc-1.5.18.RELEASE.jar;C:\Users\user\.m2\repository\org\apache\tomcat\tomcat-jdbc\8.5.35\tomcat-jdbc-8.5.35.jar;C:\Users\user\.m2\repository\org\apache\tomcat\tomcat-juli\8.5.35\tomcat-juli-8.5.35.jar;C:\Users\user\.m2\repository\org\springframework\spring-jdbc\4.3.21.RELEASE\spring-jdbc-4.3.21.RELEASE.jar;C:\Users\user\.m2\repository\org\springframework\boot\spring-boot-starter-web\1.5.18.RELEASE\spring-boot-starter-web-1.5.18.RELEASE.jar;C:\Users\user\.m2\repository\org\springframework\boot\spring-boot-starter-tomcat\1.5.18.RELEASE\spring-boot-starter-tomcat-1.5.18.RELEASE.jar;C:\Users\user\.m2\repository\org\apache\tomcat\embed\tomcat-embed-core\8.5.35\tomcat-embed-core-8.5.35.jar;C:\Users\user\.m2\repository\org\apache\tomcat\tomcat-annotations-api\8.5.35\tomcat-annotations-api-8.5.35.jar;C:\Users\user\.m2\repository\org\apache\tomcat\embed\tomcat-embed-el\8.5.35\tomcat-embed-el-8.5.35.jar;C:\Users\user\.m2\repository\org\apache\tomcat\embed\tomcat-embed-websocket\8.5.35\tomcat-embed-websocket-8.5.35.jar;C:\Users\user\.m2\repository\org\hibernate\hibernate-validator\5.3.6.Final\hibernate-validator-5.3.6.Final.jar;C:\Users\user\.m2\repository\javax\validation\validation-api\1.1.0.Final\validation-api-1.1.0.Final.jar;C:\Users\user\.m2\repository\com\fasterxml\classmate\1.3.4\classmate-1.3.4.jar;C:\Users\user\.m2\repository\com\fasterxml\jackson\core\jackson-databind\2.8.11.3\jackson-databind-2.8.11.3.jar;C:\Users\user\.m2\repository\com\fasterxml\jackson\core\jackson-annotations\2.8.0\jackson-annotations-2.8.0.jar;C:\Users\user\.m2\repository\com\fasterxml\jackson\core\jackson-core\2.8.11\jackson-core-2.8.11.jar;C:\Users\user\.m2\repository\org\springframework\spring-web\4.3.21.RELEASE\spring-web-4.3.21.RELEASE.jar;C:\Users\user\.m2\repository\org\springframework\spring-webmvc\4.3.21.RELEASE\spring-webmvc-4.3.21.RELEASE.jar;C:\Users\user\.m2\repository\org\springframework\spring-expression\4.3.21.RELEASE\spring-expression-4.3.21.RELEASE.jar;C:\Users\user\.m2\repository\org\liquibase\liquibase-core\3.5.5\liquibase-core-3.5.5.jar;C:\Users\user\.m2\repository\org\yaml\snakeyaml\1.17\snakeyaml-1.17.jar;C:\Users\user\.m2\repository\org\springframework\boot\spring-boot-devtools\1.5.18.RELEASE\spring-boot-devtools-1.5.18.RELEASE.jar;C:\Users\user\.m2\repository\org\springframework\boot\spring-boot\1.5.18.RELEASE\spring-boot-1.5.18.RELEASE.jar;C:\Users\user\.m2\repository\org\springframework\boot\spring-boot-autoconfigure\1.5.18.RELEASE\spring-boot-autoconfigure-1.5.18.RELEASE.jar;C:\Users\user\.m2\repository\mysql\mysql-connector-java\5.1.47\mysql-connector-java-5.1.47.jar;C:\Users\user\.m2\repository\org\springframework\boot\spring-boot-starter-test\1.5.18.RELEASE\spring-boot-starter-test-1.5.18.RELEASE.jar;C:\Users\user\.m2\repository\org\springframework\boot\spring-boot-test\1.5.18.RELEASE\spring-boot-test-1.5.18.RELEASE.jar;C:\Users\user\.m2\repository\org\springframework\boot\spring-boot-test-autoconfigure\1.5.18.RELEASE\spring-boot-test-autoconfigure-1.5.18.RELEASE.jar;C:\Users\user\.m2\repository\com\jayway\jsonpath\json-path\2.2.0\json-path-2.2.0.jar;C:\Users\user\.m2\repository\net\minidev\json-smart\2.2.1\json-smart-2.2.1.jar;C:\Users\user\.m2\repository\net\minidev\accessors-smart\1.1\accessors-smart-1.1.jar;C:\Users\user\.m2\repository\org\ow2\asm\asm\5.0.3\asm-5.0.3.jar;C:\Users\user\.m2\repository\junit\junit\4.12\junit-4.12.jar;C:\Users\user\.m2\repository\org\assertj\assertj-core\2.6.0\assertj-core-2.6.0.jar;C:\Users\user\.m2\repository\org\mockito\mockito-core\1.10.19\mockito-core-1.10.19.jar;C:\Users\user\.m2\repository\org\objenesis\objenesis\2.1\objenesis-2.1.jar;C:\Users\user\.m2\repository\org\hamcrest\hamcrest-core\1.3\hamcrest-core-1.3.jar;C:\Users\user\.m2\repository\org\hamcrest\hamcrest-library\1.3\hamcrest-library-1.3.jar;C:\Users\user\.m2\repository\org\skyscreamer\jsonassert\1.4.0\jsonassert-1.4.0.jar;C:\Users\user\.m2\repository\com\vaadin\external\google\android-json\0.0.20131108.vaadin1\android-json-0.0.20131108.vaadin1.jar;C:\Users\user\.m2\repository\org\springframework\spring-core\4.3.21.RELEASE\spring-core-4.3.21.RELEASE.jar;C:\Users\user\.m2\repository\org\springframework\spring-test\4.3.21.RELEASE\spring-test-4.3.21.RELEASE.jar;, user.name=user, java.vm.specification.version=1.8, sun.java.command=C:\Users\user\IdeaProjects\KK TUTORIALS\SpringBootLiquibaseGenerateChangeLog\target\surefire\surefirebooter2292615173729010958.jar C:\Users\user\IdeaProjects\KK TUTORIALS\SpringBootLiquibaseGenerateChangeLog\target\surefire\surefire4913211221938173735tmp C:\Users\user\IdeaProjects\KK TUTORIALS\SpringBootLiquibaseGenerateChangeLog\target\surefire\surefire_07621527272581209336tmp, java.home=C:\Program Files\Java\jdk\jre, sun.arch.data.model=64, user.language=en, java.specification.vendor=Oracle Corporation, awt.toolkit=sun.awt.windows.WToolkit, java.vm.info=mixed mode, java.version=1.8.0_121, java.ext.dirs=C:\Program Files\Java\jdk\jre\lib\ext;C:\Windows\Sun\Java\lib\ext, sun.boot.class.path=C:\Program Files\Java\jdk\jre\lib\resources.jar;C:\Program Files\Java\jdk\jre\lib\rt.jar;C:\Program Files\Java\jdk\jre\lib\sunrsasign.jar;C:\Program Files\Java\jdk\jre\lib\jsse.jar;C:\Program Files\Java\jdk\jre\lib\jce.jar;C:\Program Files\Java\jdk\jre\lib\charsets.jar;C:\Program Files\Java\jdk\jre\lib\jfr.jar;C:\Program Files\Java\jdk\jre\classes, java.vendor=Oracle Corporation, localRepository=C:\Users\user\.m2\repository, file.separator=\, java.vendor.url.bug=http://bugreport.sun.com/bugreport/, sun.io.unicode.encoding=UnicodeLittle, sun.cpu.endian=little, sun.desktop=windows, sun.cpu.isalist=amd64}}, SystemEnvironmentPropertySource@270397815 {name='systemEnvironment', properties={PATH=C:\Windows\system32;C:\Windows;C:\Windows\System32\Wbem;C:\Windows\System32\WindowsPowerShell\v1.0\;C:\Windows\System32\OpenSSH\;C:\Program Files (x86)\Skype\Phone\;C:\Program Files\Java\jdk\bin;C:\Program Files\Java\jre\bin;C:\gradle-4.10.1\bin;C:\Program Files\Git\cmd;C:\Program Files\Git\bin\git.exe;C:\Program Files\MySQL\MySQL Server 8.0\bin;C:\Program Files\apache-maven-3.3.9\bin;C:\Users\user\AppData\Local\Microsoft\WindowsApps;C:\Program Files\Java\jdk\bin;C:\gradle-4.10.1;, USERDOMAIN_ROAMINGPROFILE=WIN-F18NB1957N8, OPENSSL_CONF=C:\OpenSSL-Win64\bin\openssl.cfg, LOCALAPPDATA=C:\Users\user\AppData\Local, PROCESSOR_LEVEL=6, SYSTEMDRIVE=C:, COMMONPROGRAMFILES(X86)=C:\Program Files (x86)\Common Files, USERDOMAIN=WIN-F18NB1957N8, FPS_BROWSER_APP_PROFILE_STRING=Internet Explorer, LOGONSERVER=\\WIN-F18NB1957N8, JAVA_HOME=C:\Program Files\Java\jdk, PROMPT=$P$G, SESSIONNAME=Console, ALLUSERSPROFILE=C:\ProgramData, PROGRAMFILES(X86)=C:\Program Files (x86), PROCESSOR_ARCHITECTURE=AMD64, DRIVERDATA=C:\Windows\System32\Drivers\DriverData, MAVEN_HOME=C:\Program Files\apache-maven-3.3.9, PROGRAMFILES=C:\Program Files, =C:=C:\Users\user\IdeaProjects\KK TUTORIALS\SpringBootLiquibaseGenerateChangeLog, APPDATA=C:\Users\user\AppData\Roaming, MOZ_PLUGIN_PATH=C:\Program Files (x86)\Foxit Reader\plugins\, PSMODULEPATH=C:\Program Files\WindowsPowerShell\Modules;C:\Windows\system32\WindowsPowerShell\v1.0\Modules, PROGRAMW6432=C:\Program Files, PROGRAMDATA=C:\ProgramData, SYSTEMROOT=C:\Windows, USERNAME=user, FPS_BROWSER_USER_PROFILE_STRING=Default, PATHEXT=.COM;.EXE;.BAT;.CMD;.VBS;.VBE;.JS;.JSE;.WSF;.WSH;.MSC, OS=Windows_NT, COMMONPROGRAMW6432=C:\Program Files\Common Files, COMPUTERNAME=WIN-F18NB1957N8, COMMONPROGRAMFILES=C:\Program Files\Common Files, COMSPEC=C:\Windows\system32\cmd.exe, PROCESSOR_REVISION=5e03, WINDIR=C:\Windows, HOMEPATH=\Users\user, TEMP=C:\Users\user\AppData\Local\Temp, HOMEDRIVE=C:, PROCESSOR_IDENTIFIER=Intel64 Family 6 Model 94 Stepping 3, GenuineIntel, USERPROFILE=C:\Users\user, TMP=C:\Users\user\AppData\Local\Temp, M2_HOME=C:\Program Files\apache-maven-3.3.9, PUBLIC=C:\Users\Public, NUMBER_OF_PROCESSORS=2, =::=::\}}]
09:32:57.100 [main] DEBUG org.springframework.core.io.support.PathMatchingResourcePatternResolver - Resolved classpath location [com/izdebski/SpringBootFlywayIntegration/] to resources [URL [file:/C:/Users/user/IdeaProjects/KK%20TUTORIALS/SpringBootLiquibaseGenerateChangeLog/target/test-classes/com/izdebski/SpringBootFlywayIntegration/], URL [file:/C:/Users/user/IdeaProjects/KK%20TUTORIALS/SpringBootLiquibaseGenerateChangeLog/target/classes/com/izdebski/SpringBootFlywayIntegration/]]
09:32:57.100 [main] DEBUG org.springframework.core.io.support.PathMatchingResourcePatternResolver - Looking for matching resources in directory tree [C:\Users\user\IdeaProjects\KK TUTORIALS\SpringBootLiquibaseGenerateChangeLog\target\test-classes\com\izdebski\SpringBootFlywayIntegration]
09:32:57.100 [main] DEBUG org.springframework.core.io.support.PathMatchingResourcePatternResolver - Searching directory [C:\Users\user\IdeaProjects\KK TUTORIALS\SpringBootLiquibaseGenerateChangeLog\target\test-classes\com\izdebski\SpringBootFlywayIntegration] for files matching pattern [C:/Users/user/IdeaProjects/KK TUTORIALS/SpringBootLiquibaseGenerateChangeLog/target/test-classes/com/izdebski/SpringBootFlywayIntegration/*.class]
09:32:57.101 [main] DEBUG org.springframework.core.io.support.PathMatchingResourcePatternResolver - Looking for matching resources in directory tree [C:\Users\user\IdeaProjects\KK TUTORIALS\SpringBootLiquibaseGenerateChangeLog\target\classes\com\izdebski\SpringBootFlywayIntegration]
09:32:57.101 [main] DEBUG org.springframework.core.io.support.PathMatchingResourcePatternResolver - Searching directory [C:\Users\user\IdeaProjects\KK TUTORIALS\SpringBootLiquibaseGenerateChangeLog\target\classes\com\izdebski\SpringBootFlywayIntegration] for files matching pattern [C:/Users/user/IdeaProjects/KK TUTORIALS/SpringBootLiquibaseGenerateChangeLog/target/classes/com/izdebski/SpringBootFlywayIntegration/*.class]
09:32:57.103 [main] DEBUG org.springframework.core.io.support.PathMatchingResourcePatternResolver - Resolved location pattern [classpath*:com/izdebski/SpringBootFlywayIntegration/*.class] to resources [file [C:\Users\user\IdeaProjects\KK TUTORIALS\SpringBootLiquibaseGenerateChangeLog\target\test-classes\com\izdebski\SpringBootFlywayIntegration\SpringBootLiquibaseGenerateChangeLogTests.class], file [C:\Users\user\IdeaProjects\KK TUTORIALS\SpringBootLiquibaseGenerateChangeLog\target\test-classes\com\izdebski\SpringBootFlywayIntegration\SpringBootLiquibaseIntegrationTests.class], file [C:\Users\user\IdeaProjects\KK TUTORIALS\SpringBootLiquibaseGenerateChangeLog\target\classes\com\izdebski\SpringBootFlywayIntegration\SpringBootLiquibaseGenerateChangeLog.class], file [C:\Users\user\IdeaProjects\KK TUTORIALS\SpringBootLiquibaseGenerateChangeLog\target\classes\com\izdebski\SpringBootFlywayIntegration\SpringBootLiquibaseIntegration.class]]
09:32:57.110 [main] DEBUG org.springframework.context.annotation.ClassPathScanningCandidateComponentProvider - Identified candidate component class: file [C:\Users\user\IdeaProjects\KK TUTORIALS\SpringBootLiquibaseGenerateChangeLog\target\classes\com\izdebski\SpringBootFlywayIntegration\SpringBootLiquibaseGenerateChangeLog.class]
09:32:57.118 [main] DEBUG org.springframework.context.annotation.ClassPathScanningCandidateComponentProvider - Identified candidate component class: file [C:\Users\user\IdeaProjects\KK TUTORIALS\SpringBootLiquibaseGenerateChangeLog\target\classes\com\izdebski\SpringBootFlywayIntegration\SpringBootLiquibaseIntegration.class]
]]></system-out>
  </testcase>
</testsuite>